WARNING: path= was not specified but multiple tables are present, reading in first available table (path=abmatched_halos.hdf5) [astropy.io.misc.hdf5]
Traceback (most recent call last):
  File "/home/swmclau2/Git/pearce/bin/mcmc/test_pearce_mcmc_corr.py", line 85, in <module>
    cat.populate(em_params)
  File "/home/swmclau2/.local/lib/python2.7/site-packages/pearce/mocks/cat.py", line 588, in populate
    self.model.populate_mock(self.halocat, Num_ptcl_requirement=min_ptcl)
  File "/home/swmclau2/.local/lib/python2.7/site-packages/halotools-0.6.dev4678-py2.7-linux-x86_64.egg/halotools/empirical_models/factories/hod_model_factory.py", line 1207, in populate_mock
    ModelFactory.populate_mock(self, halocat, **kwargs)
  File "/home/swmclau2/.local/lib/python2.7/site-packages/halotools-0.6.dev4678-py2.7-linux-x86_64.egg/halotools/empirical_models/factories/model_factory_template.py", line 236, in populate_mock
    self.mock.populate(**mockpop_kwargs)
  File "/home/swmclau2/.local/lib/python2.7/site-packages/halotools-0.6.dev4678-py2.7-linux-x86_64.egg/halotools/empirical_models/factories/hod_mock_factory.py", line 308, in populate
    self.allocate_memory(seed=seed)
  File "/home/swmclau2/.local/lib/python2.7/site-packages/halotools-0.6.dev4678-py2.7-linux-x86_64.egg/halotools/empirical_models/factories/hod_mock_factory.py", line 438, in allocate_memory
    self._occupation[gal_type] = occupation_func(table=self.halo_table, seed=seed)
  File "/home/swmclau2/.local/lib/python2.7/site-packages/halotools-0.6.dev4678-py2.7-linux-x86_64.egg/halotools/empirical_models/factories/model_factory_template.py", line 287, in decorated_func
    return func(*args, **kwargs)
  File "/home/swmclau2/.local/lib/python2.7/site-packages/halotools-0.6.dev4678-py2.7-linux-x86_64.egg/halotools/empirical_models/occupation_models/occupation_model_template.py", line 127, in mc_occupation
    first_occupation_moment = self.mean_occupation(**kwargs)
  File "/home/swmclau2/.local/lib/python2.7/site-packages/halotools-0.6.dev4678-py2.7-linux-x86_64.egg/halotools/empirical_models/assembias_models/correlation_assembias.py", line 168, in wrapper
    shuffled_ranks = compute_conditional_shuffled_ranks(prim_haloprop = prim_haloprop[no_edge_mask], sec_haloprop=sec_haloprop[no_edge_mask], correlation_coeff=strength)
  File "/home/swmclau2/.local/lib/python2.7/site-packages/halotools-0.6.dev4678-py2.7-linux-x86_64.egg/halotools/utils/table_utils.py", line 220, in __call__
    *args, **fkwargs)
  File "/home/swmclau2/.local/lib/python2.7/site-packages/halotools-0.6.dev4678-py2.7-linux-x86_64.egg/halotools/empirical_models/assembias_models/correlation_assembias.py", line 31, in compute_conditional_shuffled_ranks
    assert np.all(-1 <= correlation_coeff <= 1)
ValueError: The truth value of an array with more than one element is ambiguous. Use a.any() or a.all()
