-------------------------------------------------------------------------------
There are messages associated with the following module(s):
-------------------------------------------------------------------------------

py-scipystack/1.0_py27:
    The SciPy Stack module is deprecated. Please use those individual
    modules instead: py-scipy, py-numpy, py-matplotlib, py-pandas, py-sympy

-------------------------------------------------------------------------------

 /home/users/swmclau2/.local/lib/python2.7/site-packages/pearce/emulator/gp_kronecker_gaussian_regression_var.py:58: RuntimeWarning:overflow encountered in multiply
 /home/users/swmclau2/.local/lib/python2.7/site-packages/pearce/emulator/gp_kronecker_gaussian_regression_var.py:89: RuntimeWarning:overflow encountered in square
 /home/users/swmclau2/.local/lib/python2.7/site-packages/pearce/emulator/gp_kronecker_gaussian_regression_var.py:57: RuntimeWarning:overflow encountered in divide
Optimization restart 1/5, f = -5425274.95248
Optimization restart 2/5, f = 494814.629059
Optimization restart 3/5, f = -5877238.16863
Optimization restart 4/5, f = -5780939.38735
Optimization restart 5/5, f = -3154000.98219
 /home/users/swmclau2/Git/GPy/GPy/kern/src/stationary.py:166: RuntimeWarning:overflow encountered in divide
 /home/users/swmclau2/Git/GPy/GPy/kern/src/stationary.py:137: RuntimeWarning:overflow encountered in square
Downsample Factor 1.0
0 0 0
Total Acc 0.00247953736099 0.00429600944186
Acc [ 0.00532029  0.0048356   0.0043782   0.00398932  0.00370831  0.00349723
  0.00332603  0.0031536   0.00298182  0.00283528  0.00267707  0.00233377
  0.00165098  0.00090331  0.00067232  0.00066349  0.00066415  0.00066491
  0.00066597  0.00066911]
Rel Diag [ 0.00823867  0.00740637  0.00655592  0.0058913   0.00542033  0.00509324
  0.00484749  0.00460516  0.00434532  0.00406251  0.00371032  0.0031444
  0.00218292  0.00112308  0.00077079  0.00077269  0.0007753   0.00077549
  0.00077624  0.0007794 ]
Bias [ -1.05408910e-03  -1.16307949e-03  -1.26936752e-03  -1.30217583e-03
  -1.26557551e-03  -1.19667490e-03  -1.08691193e-03  -9.34282546e-04
  -7.06600684e-04  -4.02916790e-04  -8.91875047e-05   1.58381092e-04
   3.83928476e-04   6.31504586e-04   6.68091919e-04   6.61643726e-04
   6.63031474e-04   6.63644815e-04   6.64357816e-04   6.66695538e-04]
Normal Cov [ 0.00761715  0.00675321  0.0059258   0.00529116  0.0048412   0.00452869
  0.00429722  0.0040814   0.00387071  0.0036731   0.00343949  0.00299577
  0.00212664  0.00111555  0.00077079  0.00077269  0.0007753   0.00077549
  0.00077624  0.0007794 ]
Planck mock for knn_cdf missing, using mean
Rel Cov [ 0.00823867  0.00740637  0.00655592  0.0058913   0.00542033  0.00509324
  0.00484749  0.00460516  0.00434532  0.00406251  0.00371032  0.0031444
  0.00218292  0.00112308  0.00077079  0.00077269  0.0007753   0.00077549
  0.00077624  0.0007794 ]
******************************
Optimization restart 1/5, f = -4555765.60123
Optimization restart 2/5, f = -4675126.94221
Optimization restart 3/5, f = -4541624.01923
Optimization restart 4/5, f = -5036613.01188
Optimization restart 5/5, f = 599413.443122
Downsample Factor 1.0
0 1 0
Total Acc 0.00947728747864 0.0175724961785
Acc [ 0.01017748  0.01214292  0.01405345  0.01566198  0.01682303  0.01745742
  0.01757524  0.01724301  0.01648671  0.01532682  0.01361394  0.01094979
  0.00702455  0.00264343  0.00051374  0.00037506  0.00036608  0.00037213
  0.00036899  0.00036998]
Rel Diag [ 0.01493041  0.01784852  0.02073599  0.02324394  0.0251064   0.02620543
  0.0265532   0.02620063  0.0251084   0.02324937  0.02035274  0.01596874
  0.00999586  0.0037542   0.00066071  0.00042228  0.00040946  0.00041328
  0.00041098  0.00041133]
Bias [  1.81970686e-03   1.86611591e-03   1.86742633e-03   1.82385305e-03
   1.72557052e-03   1.56496617e-03   1.35854777e-03   1.14956955e-03
   9.64826544e-04   8.14837419e-04   6.42467840e-04   3.78754200e-04
  -3.26207205e-05  -2.86533831e-04  -3.68612462e-04  -3.74120053e-04
  -3.65983894e-04  -3.72112751e-04  -3.68935156e-04  -3.69975751e-04]
******************************
Optimization restart 1/5, f = 738374.711677
Optimization restart 2/5, f = -4698266.63683
Optimization restart 3/5, f = 608166.12894
Optimization restart 4/5, f = -5728215.06916
Optimization restart 5/5, f = -5760990.35299
Downsample Factor 1.0
1 0 0
Total Acc 0.00337147551646 0.00620003932532
Acc [ 0.00627227  0.0060217   0.00579338  0.00562552  0.00548459  0.00532432
  0.00511141  0.00484549  0.00457868  0.0043194   0.00402478  0.00348342
  0.00246367  0.00107624  0.000517    0.00050026  0.00049638  0.00049775
  0.0004969   0.00049635]
Rel Diag [ 0.00935948  0.00897982  0.00867051  0.00852807  0.00847408  0.00838613
  0.00819733  0.00788632  0.00744501  0.00686114  0.00610439  0.00502069
  0.00343323  0.00153321  0.0006216   0.00057614  0.00057135  0.00057233
  0.0005719   0.00057273]
Bias [ 0.00141894  0.00088759  0.00032769 -0.00016478 -0.00056197 -0.00088766
 -0.00112017 -0.00124532 -0.00124484 -0.00112039 -0.00091446 -0.00071999
 -0.00061168 -0.00051128 -0.00049819 -0.00050026 -0.00049638 -0.00049775
 -0.0004969  -0.00049635]
******************************
Optimization restart 1/5, f = -4874725.48239
Optimization restart 2/5, f = -3081880.37569
Optimization restart 3/5, f = -5249050.30011
Optimization restart 4/5, f = -3836158.62546
Optimization restart 5/5, f = -3124856.03534
Downsample Factor 1.0
1 1 0
Total Acc 0.00146253286703 0.00264688813151
Acc [  3.07882963e-03   2.84975359e-03   2.61638649e-03   2.41961219e-03
   2.28156635e-03   2.18048730e-03   2.11914961e-03   2.06504932e-03
   2.01321450e-03   1.96711082e-03   1.87547082e-03   1.64127326e-03
   1.15951964e-03   5.32598067e-04   1.20503205e-04   6.58794762e-05
   6.60623092e-05   6.60636135e-05   6.60635371e-05   6.60636208e-05]
Rel Diag [  4.60748318e-03   4.19952889e-03   3.80338637e-03   3.52782939e-03
   3.36339693e-03   3.25759108e-03   3.18626155e-03   3.10407806e-03
   2.99879387e-03   2.86526886e-03   2.65643213e-03   2.27083335e-03
   1.60318439e-03   7.53357855e-04   1.70199664e-04   9.98617058e-05
   9.95305658e-05   9.95333111e-05   9.95332256e-05   9.95333231e-05]
Bias [ -3.10510275e-04  -3.27762279e-04  -3.09997575e-04  -3.05847871e-04
  -2.81012017e-04  -2.66333054e-04  -2.69355369e-04  -2.90529758e-04
  -2.85853718e-04  -2.31547196e-04  -1.77097449e-04  -1.74384595e-04
  -1.12436951e-04   5.19663737e-05   1.56532188e-05  -5.50096393e-06
  -4.30062834e-06  -4.30223053e-06  -4.30227781e-06  -4.30220745e-06]
Normal Cov [  4.29996411e-03   3.86449927e-03   3.45500377e-03   3.16396061e-03
   2.98466216e-03   2.86890031e-03   2.79689438e-03   2.73241146e-03
   2.66564744e-03   2.59023741e-03   2.45505092e-03   2.14769421e-03
   1.54947678e-03   7.43185946e-04   1.69981368e-04   9.98615348e-05
   9.95305655e-05   9.95333111e-05   9.95332256e-05   9.95333231e-05]
Planck mock for knn_cdf missing, using mean
Rel Cov [  4.60748318e-03   4.19952889e-03   3.80338637e-03   3.52782939e-03
   3.36339693e-03   3.25759108e-03   3.18626155e-03   3.10407806e-03
   2.99879387e-03   2.86526886e-03   2.65643213e-03   2.27083335e-03
   1.60318439e-03   7.53357855e-04   1.70199664e-04   9.98617058e-05
   9.95305658e-05   9.95333111e-05   9.95332256e-05   9.95333231e-05]
******************************
Optimization restart 1/5, f = 737351.355499
Optimization restart 2/5, f = -5588536.45615
Optimization restart 3/5, f = -4664021.26565
Optimization restart 4/5, f = -4567662.40278
Optimization restart 5/5, f = 655019.007443
Downsample Factor 1.0
2 0 0
Total Acc 0.00563635287783 0.010431691377
Acc [ 0.00766055  0.00828599  0.00900658  0.00964208  0.01006594  0.01021885
  0.01008947  0.0097275   0.0091444   0.00840782  0.00745767  0.0060414
  0.00397824  0.00153059  0.00030783  0.00023618  0.00022919  0.00023351
  0.00023146  0.0002318 ]
Rel Diag [ 0.01185655  0.0126825   0.01355542  0.01436988  0.01495848  0.01522645
  0.01512554  0.01468718  0.01387729  0.01269048  0.01101954  0.00862851
  0.00549635  0.00211669  0.00038444  0.00025306  0.00023816  0.00024178
  0.00023925  0.00023992]
Bias [  1.49418454e-03   1.31935827e-03   1.09571492e-03   8.71853544e-04
   6.70347216e-04   4.80002129e-04   3.28382284e-04   2.33348577e-04
   2.15799774e-04   2.81745692e-04   3.44602034e-04   3.11954088e-04
   1.02731313e-04  -8.66925274e-05  -2.06284585e-04  -2.36155691e-04
  -2.29190911e-04  -2.33508986e-04  -2.31461026e-04  -2.31799502e-04]
******************************
Optimization restart 1/5, f = 736812.975656
Optimization restart 2/5, f = 572304.596504
Optimization restart 3/5, f = -2840929.22548
Optimization restart 4/5, f = -4776842.24274
Optimization restart 5/5, f = -5257357.92037
Downsample Factor 1.0
2 1 0
Total Acc 0.00154790544642 0.00260242151659
Acc [ 0.00291843  0.00263361  0.00236217  0.00216756  0.00205763  0.00201577
  0.00202878  0.00206291  0.0021129   0.00217659  0.00218818  0.001997
  0.00146298  0.00074868  0.00036005  0.00033307  0.00033295  0.00033295
  0.00033295  0.00033295]
Rel Diag [ 0.00429796  0.00387531  0.00348198  0.00323403  0.00310948  0.00305473
  0.00305526  0.0030633   0.00306407  0.00306147  0.00298491  0.00269209
  0.00198512  0.00101456  0.00055834  0.00054075  0.00054019  0.0005402
  0.0005402   0.0005402 ]
Bias [ -1.92009921e-04  -2.79334368e-04  -3.19594353e-04  -3.61896795e-04
  -3.71728886e-04  -3.71992947e-04  -3.77313322e-04  -3.82938999e-04
  -3.56776376e-04  -2.93123034e-04  -2.46524121e-04  -2.58923948e-04
  -2.25030524e-04  -7.65248772e-05  -1.05216116e-04  -1.22184235e-04
  -1.20909869e-04  -1.20912507e-04  -1.20912507e-04  -1.20912506e-04]
******************************
Best
0.00146253286703
(1, 1, 0)
