-------------------------------------------------------------------------------
There are messages associated with the following module(s):
-------------------------------------------------------------------------------

py-scipystack/1.0_py27:
    The SciPy Stack module is deprecated. Please use those individual
    modules instead: py-scipy, py-numpy, py-matplotlib, py-pandas, py-sympy

-------------------------------------------------------------------------------

(array([], dtype=int64), array([], dtype=int64))
0 ***************
Optimization restart 1/3, f = -169827.847138
Optimization restart 2/3, f = -169943.26306
Optimization restart 3/3, f = -169902.083239
1 ***************
Optimization restart 1/3, f = -174915.44651
Optimization restart 2/3, f = -174907.81631
Optimization restart 3/3, f = -174920.259979
2 ***************
Optimization restart 1/3, f = -180024.608244
Optimization restart 2/3, f = -178889.581519
Optimization restart 3/3, f = -179382.619098
3 ***************
Optimization restart 1/3, f = -184664.869109
Optimization restart 2/3, f = -183622.225221
Optimization restart 3/3, f = -183623.58824
4 ***************
Optimization restart 1/3, f = -188165.661583
Optimization restart 2/3, f = -189606.878915
Optimization restart 3/3, f = -189551.270926
5 ***************
Optimization restart 1/3, f = -193043.707904
Optimization restart 2/3, f = 7.99888895493e+12
Optimization restart 3/3, f = -193910.910989
6 ***************
Optimization restart 1/3, f = -198852.656918
Optimization restart 2/3, f = -198971.082612
Optimization restart 3/3, f = -199313.403548
7 ***************
Optimization restart 1/3, f = -204871.532128
Optimization restart 2/3, f = -204807.716267
Optimization restart 3/3, f = -204068.280336
8 ***************
Optimization restart 1/3, f = -207211.173168
Optimization restart 2/3, f = -207949.521985
Optimization restart 3/3, f = -208235.776751
9 ***************
Optimization restart 1/3, f = 1.29934487171e+13
Optimization restart 2/3, f = -210737.078894
Optimization restart 3/3, f = -210808.417343
10 ***************
Optimization restart 1/3, f = -215809.250302
Optimization restart 2/3, f = -215563.24939
Optimization restart 3/3, f = -215611.009384
11 ***************
Optimization restart 1/3, f = -224025.525898
Optimization restart 2/3, f = -223960.203002
Optimization restart 3/3, f = -224429.52045
12 ***************
Optimization restart 1/3, f = -232839.772852
Optimization restart 2/3, f = 1.3137712134e+13
Optimization restart 3/3, f = -232884.239682
13 ***************
Optimization restart 1/3, f = -235192.216728
Optimization restart 2/3, f = -235159.123373
Optimization restart 3/3, f = -234898.156819
14 ***************
Optimization restart 1/3, f = -234325.806085
Optimization restart 2/3, f = -234308.084011
Optimization restart 3/3, f = -234435.808253
15 ***************
Optimization restart 1/3, f = -231296.238066
Optimization restart 2/3, f = -231250.96344
Optimization restart 3/3, f = -231338.673167
16 ***************
Optimization restart 1/3, f = -225349.864573
Optimization restart 2/3, f = -225642.863406
Optimization restart 3/3, f = -225600.568058
17 ***************
Optimization restart 1/3, f = -215775.980042
Optimization restart 2/3, f = -215823.43998
Optimization restart 3/3, f = -215885.749523
(array([], dtype=int64), array([], dtype=int64))
(18, 35000)
Bias [ 0.09960372  0.02872812  0.00202457 -0.00152795  0.00027496  0.00515388
  0.00815402  0.00459477  0.00073699 -0.00090401 -0.00140212 -0.0027046
  0.00100756 -0.00463214  0.00020949  0.00407094 -0.00618109  0.00126113]
Acc [ 0.28232282  0.14964887  0.07369081  0.03402972  0.0191759   0.03370251
  0.06237175  0.06754463  0.04824817  0.03008537  0.01659762  0.00900367
  0.00946059  0.00981768  0.01217836  0.01457007  0.01837691  0.02831628]
(<GPy.kern.src.add.Add object at 0x7fea376ecc50>, <GPy.kern.src.add.Add object at 0x7fea37704bd0>)
Yerr [ 1.53148359  0.54585016  0.25536089  0.13837419  0.05883887  0.11493106
  0.21127594  0.20491869  0.19612927  0.08054336  0.0373687   0.00998039
  0.01078594  0.01014151  0.01274588  0.01510362  0.0162284   0.02688198]
**********
