-------------------------------------------------------------------------------
There are messages associated with the following module(s):
-------------------------------------------------------------------------------

py-scipystack/1.0_py27:
    The SciPy Stack module is deprecated. Please use those individual
    modules instead: py-scipy, py-numpy, py-matplotlib, py-pandas, py-sympy

-------------------------------------------------------------------------------

(array([], dtype=int64), array([], dtype=int64))
0 ***************
Optimization restart 1/3, f = -96259.6037759
Optimization restart 2/3, f = -97323.0419207
Optimization restart 3/3, f = -97323.247815
1 ***************
Optimization restart 1/3, f = -100484.389996
Optimization restart 2/3, f = -100484.28595
Optimization restart 3/3, f = -100484.232856
 /home/users/swmclau2/.local/lib/python2.7/site-packages/GPy/kern/src/stationary.py:166: RuntimeWarning:overflow encountered in divide
 /home/users/swmclau2/.local/lib/python2.7/site-packages/GPy/kern/src/stationary.py:137: RuntimeWarning:overflow encountered in square
2 ***************
Optimization restart 1/3, f = -104990.214738
Optimization restart 2/3, f = -104124.426207
Optimization restart 3/3, f = -104991.333012
3 ***************
Optimization restart 1/3, f = -108638.480635
Optimization restart 2/3, f = -108635.827913
Optimization restart 3/3, f = -108636.70004
4 ***************
Optimization restart 1/3, f = -112063.674244
Optimization restart 2/3, f = -115693.328628
Optimization restart 3/3, f = -115693.120755
5 ***************
Optimization restart 1/3, f = -114448.889554
Optimization restart 2/3, f = -114448.88016
Optimization restart 3/3, f = -119207.869473
6 ***************
Optimization restart 1/3, f = -121346.927997
Optimization restart 2/3, f = -115666.766938
Optimization restart 3/3, f = -115666.764319
7 ***************
Optimization restart 1/3, f = -115982.476687
Optimization restart 2/3, f = -122950.289383
Optimization restart 3/3, f = -122946.683219
8 ***************
Optimization restart 1/3, f = -123311.038831
Optimization restart 2/3, f = -123309.440905
Optimization restart 3/3, f = -115838.976052
9 ***************
Optimization restart 1/3, f = -115329.621079
Optimization restart 2/3, f = -115329.840771
Optimization restart 3/3, f = -115329.751629
10 ***************
Optimization restart 1/3, f = -114204.994613
Optimization restart 2/3, f = -114204.833369
Optimization restart 3/3, f = -114204.898989
11 ***************
Optimization restart 1/3, f = -119920.902899
Optimization restart 2/3, f = -112663.885463
Optimization restart 3/3, f = -112836.855654
12 ***************
Optimization restart 1/3, f = -117794.081523
Optimization restart 2/3, f = -117876.266148
Optimization restart 3/3, f = -110890.330877
13 ***************
Optimization restart 1/3, f = -115966.139729
Optimization restart 2/3, f = -115926.764155
Optimization restart 3/3, f = -113719.712496
14 ***************
Optimization restart 1/3, f = -106970.038024
Optimization restart 2/3, f = -106965.099072
Optimization restart 3/3, f = -114497.848783
15 ***************
Optimization restart 1/3, f = -105505.608343
Optimization restart 2/3, f = -105509.53222
Optimization restart 3/3, f = -105535.264801
16 ***************
Optimization restart 1/3, f = -104019.647778
Optimization restart 2/3, f = -110185.732936
Optimization restart 3/3, f = -104019.326115
17 ***************
Optimization restart 1/3, f = -102034.128032
Optimization restart 2/3, f = -102052.587167
Optimization restart 3/3, f = -102052.274357
(array([], dtype=int64), array([], dtype=int64))
(18, 17500)
Bias [-0.00785242 -0.01052348 -0.01143772 -0.0107903  -0.00231815 -0.00210477
 -0.00087422 -0.00336135 -0.00191795 -0.00714253 -0.0054865  -0.004488
 -0.00586103  0.00380105  0.00326295  0.00680781 -0.00232177  0.00129611]
Acc [ 0.01359754  0.01595114  0.01823652  0.0170745   0.00913051  0.00870395
  0.00819203  0.00840813  0.00751434  0.02161781  0.01527801  0.01485639
  0.02043433  0.02118712  0.01764596  0.04530067  0.0475382   0.04147893]
(<GPy.kern.src.add.Add object at 0x7fdd8b9255d0>, <GPy.kern.src.stationary.Matern32 object at 0x7fdd8b900e50>)
Yerr [ 0.01634871  0.02066972  0.02317644  0.02174519  0.0132059   0.01312392
  0.01293894  0.01262066  0.01134908  0.03242494  0.02545191  0.02171941
  0.03094058  0.02919777  0.0169667   0.05721899  0.05566101  0.04127085]
**********
