-------------------------------------------------------------------------------
There are messages associated with the following module(s):
-------------------------------------------------------------------------------

py-scipystack/1.0_py27:
    The SciPy Stack module is deprecated. Please use those individual
    modules instead: py-scipy, py-numpy, py-matplotlib, py-pandas, py-sympy

-------------------------------------------------------------------------------

 /home/users/swmclau2/.local/lib/python2.7/site-packages/pearce/emulator/gp_kronecker_gaussian_regression_var.py:58: RuntimeWarning:overflow encountered in multiply
 /home/users/swmclau2/.local/lib/python2.7/site-packages/pearce/emulator/gp_kronecker_gaussian_regression_var.py:89: RuntimeWarning:overflow encountered in square
 /home/users/swmclau2/Git/GPy/GPy/kern/src/stationary.py:166: RuntimeWarning:overflow encountered in divide
 /home/users/swmclau2/Git/GPy/GPy/kern/src/stationary.py:137: RuntimeWarning:overflow encountered in square
Optimization restart 1/5, f = -3360354.68176
Optimization restart 2/5, f = 494767.809145
Optimization restart 3/5, f = -3457641.61847
Optimization restart 4/5, f = -3518122.54212
Optimization restart 5/5, f = -2200259.95328
Downsample Factor 1.0
0 0 0
Total Acc 0.0764328292953 0.164136503766
Acc [ 0.28721944  0.25709763  0.21844503  0.17532078  0.13128244  0.08999111
  0.05341523  0.02715335  0.02055204  0.03072937  0.03714298  0.03672367
  0.03108106  0.0227175   0.01714551  0.01945244  0.01775802  0.01868473
  0.0183277   0.01841655]
Rel Diag [ 0.43250886  0.37442861  0.30556819  0.23603748  0.17150731  0.11509867
  0.06808792  0.03607251  0.03429731  0.04797918  0.0560477   0.05378363
  0.04130564  0.025111    0.01734657  0.01947342  0.01776592  0.01869402
  0.01833592  0.0184232 ]
Bias [ 0.10345358  0.08531774  0.06552039  0.04739783  0.03166498  0.02024421
  0.0113726   0.00446068  0.00018095 -0.00412395 -0.00862768 -0.01111023
 -0.01507384 -0.01819235 -0.01704552 -0.01945244 -0.01775802 -0.01868473
 -0.0183277  -0.01841655]
Normal Cov [ 0.33196058  0.30136512  0.26063134  0.21278194  0.16197746  0.11194177
  0.06772023  0.03641222  0.0309957   0.04104401  0.04793893  0.04698826
  0.03817352  0.02480062  0.01735979  0.01947358  0.01776592  0.01869402
  0.01833592  0.0184232 ]
Planck mock for knn_cdf missing, using mean
Rel Cov [ 0.43250886  0.37442861  0.30556819  0.23603748  0.17150731  0.11509867
  0.06808792  0.03607251  0.03429731  0.04797918  0.0560477   0.05378363
  0.04130564  0.025111    0.01734657  0.01947342  0.01776592  0.01869402
  0.01833592  0.0184232 ]
******************************
Optimization restart 1/5, f = -3579623.60136
Optimization restart 2/5, f = -2945262.43106
Optimization restart 3/5, f = -3762759.8196
Optimization restart 4/5, f = -3560608.43384
Optimization restart 5/5, f = -3763384.423
Downsample Factor 1.0
0 1 0
Total Acc 0.070862350278 0.170053569673
Acc [ 0.28978424  0.2588514   0.21910808  0.17539052  0.13200164  0.09150857
  0.05632899  0.03118027  0.02521994  0.03223663  0.03572433  0.03256677
  0.02283753  0.00985937  0.00175037  0.00060626  0.00057942  0.00057087
  0.00057171  0.0005701 ]
Rel Diag [ 0.45798508  0.38978079  0.31168781  0.23681998  0.17093711  0.11524517
  0.07059984  0.04320568  0.04305029  0.05536182  0.06212897  0.0573409
  0.04095426  0.01848489  0.00354567  0.00070042  0.00065952  0.00064562
  0.00064308  0.00064053]
Bias [  7.30815982e-02   5.77317414e-02   4.07787984e-02   2.58793056e-02
   1.48583501e-02   8.05661066e-03   4.68932357e-03   3.96711575e-03
   4.37145307e-03   5.16438744e-03   5.48032930e-03   4.57111273e-03
   2.92261857e-03   8.70587392e-04  -4.86789253e-05  -5.11410273e-04
  -4.48826015e-04  -4.80691071e-04  -4.70082574e-04  -4.72385562e-04]
Normal Cov [ 0.34671965  0.31410812  0.27068767  0.22059165  0.16788408  0.11671306
  0.07254841  0.04378495  0.03889748  0.04625884  0.0505256   0.04701541
  0.03505028  0.01695728  0.00346407  0.00070039  0.00065952  0.00064562
  0.00064308  0.00064053]
Planck mock for knn_cdf missing, using mean
Rel Cov [ 0.45798508  0.38978079  0.31168781  0.23681998  0.17093711  0.11524517
  0.07059984  0.04320568  0.04305029  0.05536182  0.06212897  0.0573409
  0.04095426  0.01848489  0.00354567  0.00070042  0.00065952  0.00064562
  0.00064308  0.00064053]
******************************
Optimization restart 1/5, f = -3451882.74892
Optimization restart 2/5, f = 676335.428853
Optimization restart 3/5, f = 616508.806743
Optimization restart 4/5, f = -3401498.66781
Optimization restart 5/5, f = -3275462.34745
 /home/users/swmclau2/.local/lib/python2.7/site-packages/pearce/emulator/gp_kronecker_gaussian_regression_var.py:57: RuntimeWarning:overflow encountered in divide
Downsample Factor 1.0
1 0 0
Total Acc 0.0678980270876 0.14981548743
Acc [ 0.2640728   0.23628686  0.20072348  0.16103031  0.12096973  0.08316703
  0.04985931  0.02533835  0.01875234  0.02575755  0.03032149  0.02934468
  0.02316764  0.01528394  0.01224434  0.01247654  0.01220278  0.0123542
  0.01229561  0.01231156]
Rel Diag [ 0.3921063   0.3413493   0.28010118  0.21730172  0.15870691  0.10721262
  0.06378854  0.03376497  0.03184949  0.04467111  0.05211723  0.05008154
  0.03745166  0.02009978  0.0134362   0.01292068  0.0130056   0.01291418
  0.01293801  0.01292452]
Bias [ 0.07044801  0.05718768  0.04189361  0.02782213  0.01596229  0.00869918
  0.00389472  0.00160835  0.00216606  0.00233055  0.00234161  0.00389018
  0.00249101  0.00086626  0.00252811 -0.00026862  0.00166927  0.00062593
  0.00102278  0.0009239 ]
Normal Cov [ 0.32667631  0.29485132  0.25379293  0.20618512  0.15637375  0.10765381
  0.06477375  0.03441322  0.02888029  0.03780759  0.04342091  0.04210993
  0.03303066  0.01919649  0.01342237  0.01292075  0.0130056   0.01291418
  0.01293801  0.01292452]
Planck mock for knn_cdf missing, using mean
Rel Cov [ 0.3921063   0.3413493   0.28010118  0.21730172  0.15870691  0.10721262
  0.06378854  0.03376497  0.03184949  0.04467111  0.05211723  0.05008154
  0.03745166  0.02009978  0.0134362   0.01292068  0.0130056   0.01291418
  0.01293801  0.01292452]
******************************
Optimization restart 1/5, f = -3606596.06794
Optimization restart 2/5, f = 580083.488577
Optimization restart 3/5, f = -3730869.64063
Optimization restart 4/5, f = -3689856.88039
Optimization restart 5/5, f = -3545516.32841
Downsample Factor 1.0
1 1 0
Total Acc 0.0570143774278 0.140111407136
Acc [ 0.2326239   0.20673135  0.17382455  0.1379243   0.10242453  0.0696872
  0.04125239  0.02158192  0.01720732  0.02431858  0.02828532  0.02680527
  0.01988529  0.01031726  0.00483771  0.00456638  0.0044769   0.00452169
  0.00450592  0.00450976]
Rel Diag [ 0.37815424  0.32219978  0.25782666  0.19537841  0.14001319  0.09272934
  0.05430085  0.03005542  0.03115532  0.04323304  0.04987764  0.04687747
  0.0342148   0.01614745  0.0055169   0.00499611  0.00491702  0.00494782
  0.00493261  0.00493525]
Bias [  6.70486931e-02   5.41226518e-02   4.00124007e-02   2.74013900e-02
   1.75647979e-02   1.06992570e-02   6.16830766e-03   3.70965133e-03
   2.26418843e-03   1.59550358e-03   1.06347415e-03  -2.62392094e-05
  -1.44070045e-03  -3.36290120e-03  -4.14451033e-03  -4.56637785e-03
  -4.47690485e-03  -4.52168759e-03  -4.50592470e-03  -4.50976371e-03]
Normal Cov [ 0.29224733  0.26242524  0.22403954  0.18057461  0.13571502  0.09241548
  0.05487223  0.03005721  0.02765607  0.03611072  0.04083905  0.03879393
  0.02960221  0.01504887  0.00549538  0.00499618  0.00491702  0.00494782
  0.00493261  0.00493525]
Planck mock for knn_cdf missing, using mean
Rel Cov [ 0.37815424  0.32219978  0.25782666  0.19537841  0.14001319  0.09272934
  0.05430085  0.03005542  0.03115532  0.04323304  0.04987764  0.04687747
  0.0342148   0.01614745  0.0055169   0.00499611  0.00491702  0.00494782
  0.00493261  0.00493525]
******************************
Best
0.0570143774278
(1, 1, 0)
