-------------------------------------------------------------------------------
There are messages associated with the following module(s):
-------------------------------------------------------------------------------

py-scipystack/1.0_py27:
    The SciPy Stack module is deprecated. Please use those individual
    modules instead: py-scipy, py-numpy, py-matplotlib, py-pandas, py-sympy

-------------------------------------------------------------------------------

 /home/users/swmclau2/Git/GPy/GPy/kern/src/stationary.py:166: RuntimeWarning:overflow encountered in divide
 /home/users/swmclau2/Git/GPy/GPy/kern/src/stationary.py:137: RuntimeWarning:overflow encountered in square
Mean [ -3.63873280e+00  -3.12046572e+00  -2.58221675e+00  -2.03663639e+00
  -1.50568169e+00  -1.01552790e+00  -5.93812882e-01  -2.70912035e-01
  -7.64556994e-02  -7.98506283e-03  -1.18066863e-04]
Std [  3.94791246e-01   3.02847578e-01   2.07853149e-01   1.21493859e-01
   5.41709336e-02   1.79810447e-02   2.54535640e-02   2.79462995e-02
   1.73573260e-02   4.33633565e-03   2.14491522e-04]
Optimization restart 1/5, f = -1158750.19391
Optimization restart 2/5, f = -1128579.75327
Optimization restart 3/5, f = -1133102.1352
Optimization restart 4/5, f = -763392.727344
Optimization restart 5/5, f = -1013350.36128
Downsample Factor 1.0
0 0 0
Total Acc 0.00663504701125 0.0159095509461
Acc [  2.92721243e-02   1.67436518e-02   9.54611324e-03   5.21537110e-03
   3.55495953e-03   2.86362071e-03   2.10861204e-03   1.71385237e-03
   1.28779522e-03   6.36441520e-04   4.29753209e-05]
Rel Diag [  4.47643558e-02   2.26707102e-02   1.26753857e-02   7.08379248e-03
   4.90306167e-03   3.81826060e-03   2.92794673e-03   2.24956924e-03
   1.64780078e-03   7.90491048e-04   7.12187988e-05]
Bias [  3.27252592e-03   6.17198929e-04   3.84167895e-04   2.94711836e-04
  -5.11568865e-05  -4.85837359e-04  -4.38676816e-04  -1.63546162e-04
   1.00208997e-04   3.07183351e-04   1.14124342e-05]
Normal Cov [  4.00218430e-02   2.74130218e-02   1.62526944e-02   8.61830008e-03
   5.33905418e-03   3.76359302e-03   2.78459796e-03   2.16194639e-03
   1.62195179e-03   7.86349243e-04   7.11400733e-05]
Planck mock for knn_cdf missing, using mean
Rel Cov [  4.47643558e-02   2.26707102e-02   1.26753857e-02   7.08379248e-03
   4.90306167e-03   3.81826060e-03   2.92794673e-03   2.24956924e-03
   1.64780078e-03   7.90491048e-04   7.12187988e-05]
******************************
Mean [ -3.63873280e+00  -3.12046572e+00  -2.58221675e+00  -2.03663639e+00
  -1.50568169e+00  -1.01552790e+00  -5.93812882e-01  -2.70912035e-01
  -7.64556994e-02  -7.98506283e-03  -1.18066863e-04]
Std [  3.94791246e-01   3.02847578e-01   2.07853149e-01   1.21493859e-01
   5.41709336e-02   1.79810447e-02   2.54535640e-02   2.79462995e-02
   1.73573260e-02   4.33633565e-03   2.14491522e-04]
Optimization restart 1/5, f = -1169939.77807
Optimization restart 2/5, f = -1132343.26716
Optimization restart 3/5, f = -1134529.82712
Optimization restart 4/5, f = -313584.934274
Optimization restart 5/5, f = -268067.668095
Downsample Factor 1.0
0 1 0
Total Acc 0.00405380265106 0.00744263429114
Acc [  1.43856759e-02   8.90425836e-03   5.84203557e-03   4.12900563e-03
   3.13730880e-03   2.54991127e-03   2.06272174e-03   1.76382337e-03
   1.20359505e-03   5.70692275e-04   4.28011598e-05]
Rel Diag [  1.87492013e-02   1.13007235e-02   7.44769146e-03   5.38565841e-03
   4.18670403e-03   3.37591544e-03   2.90638951e-03   2.29827967e-03
   1.56054192e-03   7.16723418e-04   7.11487035e-05]
Bias [  9.68020515e-04   3.08227084e-04   6.15487867e-04   6.06504658e-04
   1.46218872e-04  -4.13355846e-04  -4.30116702e-04  -2.46937570e-04
  -7.33080762e-05   2.36725740e-04   9.90456291e-06]
Normal Cov [  1.91251412e-02   1.23726599e-02   8.35809462e-03   5.93733065e-03
   4.38683144e-03   3.32169887e-03   2.77341272e-03   2.21094203e-03
   1.53609229e-03   7.13002807e-04   7.10697655e-05]
Planck mock for knn_cdf missing, using mean
Rel Cov [  1.87492013e-02   1.13007235e-02   7.44769146e-03   5.38565841e-03
   4.18670403e-03   3.37591544e-03   2.90638951e-03   2.29827967e-03
   1.56054192e-03   7.16723418e-04   7.11487035e-05]
******************************
Mean [ -3.63873280e+00  -3.12046572e+00  -2.58221675e+00  -2.03663639e+00
  -1.50568169e+00  -1.01552790e+00  -5.93812882e-01  -2.70912035e-01
  -7.64556994e-02  -7.98506283e-03  -1.18066863e-04]
Std [  3.94791246e-01   3.02847578e-01   2.07853149e-01   1.21493859e-01
   5.41709336e-02   1.79810447e-02   2.54535640e-02   2.79462995e-02
   1.73573260e-02   4.33633565e-03   2.14491522e-04]
Optimization restart 1/5, f = -1158448.0393
Optimization restart 2/5, f = -1106098.25074
Optimization restart 3/5, f = -920395.125518
Optimization restart 4/5, f = -1107623.19422
Optimization restart 5/5, f = -1071538.2112
Downsample Factor 1.0
1 0 0
Total Acc 0.00675978698667 0.0177200604418
Acc [  3.16400480e-02   1.75689463e-02   9.49688744e-03   4.94574941e-03
   3.04180780e-03   2.18136498e-03   1.80782041e-03   1.68348386e-03
   1.36824549e-03   5.84910971e-04   3.83922392e-05]
Rel Diag [  5.09791149e-02   2.46197014e-02   1.28251060e-02   6.62881469e-03
   4.16228639e-03   3.03947156e-03   2.45555609e-03   2.10258739e-03
   1.73892842e-03   7.34763826e-04   6.47316491e-05]
Bias [  6.81543710e-03   2.71921283e-03   1.42765145e-03   8.96040473e-04
   4.06665752e-04  -1.34330007e-04  -2.77712114e-04  -3.98564784e-04
  -2.79794359e-04   1.90695618e-04   8.25680549e-06]
******************************
Mean [ -3.63873280e+00  -3.12046572e+00  -2.58221675e+00  -2.03663639e+00
  -1.50568169e+00  -1.01552790e+00  -5.93812882e-01  -2.70912035e-01
  -7.64556994e-02  -7.98506283e-03  -1.18066863e-04]
Std [  3.94791246e-01   3.02847578e-01   2.07853149e-01   1.21493859e-01
   5.41709336e-02   1.79810447e-02   2.54535640e-02   2.79462995e-02
   1.73573260e-02   4.33633565e-03   2.14491522e-04]
Optimization restart 1/5, f = -1177681.50889
Optimization restart 2/5, f = -1172726.08963
Optimization restart 3/5, f = -796332.668226
Optimization restart 4/5, f = -888538.923912
Optimization restart 5/5, f = -1038644.20362
Downsample Factor 1.0
1 1 0
Total Acc 0.00411148332996 0.00808100840329
Acc [  1.58898145e-02   9.36164823e-03   5.86555735e-03   4.05925008e-03
   2.85587469e-03   1.87753052e-03   1.70285425e-03   1.79588848e-03
   1.30116854e-03   4.78753789e-04   3.79761837e-05]
Rel Diag [  2.13869338e-02   1.20068361e-02   7.41961376e-03   5.19860658e-03
   3.78128155e-03   2.65662944e-03   2.30152594e-03   2.19266570e-03
   1.67953017e-03   6.34533209e-04   6.63898842e-05]
Bias [  3.20384734e-03   1.40262672e-03   7.70617671e-04   4.90427869e-04
   1.86596021e-04  -1.47148957e-04  -5.96444037e-05  -2.15976758e-04
  -2.38208964e-04   1.64999672e-04   1.31968589e-05]
******************************
Mean [ -3.63873280e+00  -3.12046572e+00  -2.58221675e+00  -2.03663639e+00
  -1.50568169e+00  -1.01552790e+00  -5.93812882e-01  -2.70912035e-01
  -7.64556994e-02  -7.98506283e-03  -1.18066863e-04]
Std [  3.94791246e-01   3.02847578e-01   2.07853149e-01   1.21493859e-01
   5.41709336e-02   1.79810447e-02   2.54535640e-02   2.79462995e-02
   1.73573260e-02   4.33633565e-03   2.14491522e-04]
Optimization restart 1/5, f = -1136439.3005
Optimization restart 2/5, f = -118610.027352
Optimization restart 3/5, f = -1005398.29786
Optimization restart 4/5, f = -1052490.25185
Optimization restart 5/5, f = -771683.381917
Downsample Factor 1.0
2 0 0
Total Acc 0.00649944457881 0.015353948502
Acc [  2.97828207e-02   1.67611174e-02   9.18004398e-03   5.11660875e-03
   3.25551045e-03   2.07237463e-03   1.50243604e-03   1.76945263e-03
   1.46829375e-03   5.43784352e-04   4.14476021e-05]
Rel Diag [  4.30371185e-02   2.24294090e-02   1.22357885e-02   6.74555577e-03
   4.45871565e-03   3.00888261e-03   2.10470825e-03   2.23556384e-03
   1.95412375e-03   7.12459776e-04   6.94091478e-05]
Bias [  5.95571321e-03   1.87629238e-03   5.62470271e-04   3.30514929e-04
   2.47507950e-04   1.99007171e-06  -8.42615236e-05  -2.86295571e-04
  -3.16854165e-04   1.42858814e-04   6.64666591e-06]
******************************
Mean [ -3.63873280e+00  -3.12046572e+00  -2.58221675e+00  -2.03663639e+00
  -1.50568169e+00  -1.01552790e+00  -5.93812882e-01  -2.70912035e-01
  -7.64556994e-02  -7.98506283e-03  -1.18066863e-04]
Std [  3.94791246e-01   3.02847578e-01   2.07853149e-01   1.21493859e-01
   5.41709336e-02   1.79810447e-02   2.54535640e-02   2.79462995e-02
   1.73573260e-02   4.33633565e-03   2.14491522e-04]
Optimization restart 1/5, f = -1164310.79004
Optimization restart 2/5, f = -805957.561219
Optimization restart 3/5, f = -626347.538551
Optimization restart 4/5, f = -944036.686469
Optimization restart 5/5, f = -1129660.73192
Downsample Factor 1.0
2 1 0
Total Acc 0.00373281272232 0.00673129915546
Acc [  1.27559822e-02   8.17543895e-03   5.76669761e-03   4.23044761e-03
   3.01666671e-03   1.87142182e-03   1.44461283e-03   1.75693099e-03
   1.44692377e-03   5.53831940e-04   4.19855233e-05]
Rel Diag [  1.63355743e-02   1.04620227e-02   7.40910532e-03   5.51135397e-03
   4.04415186e-03   2.70798052e-03   2.04750152e-03   2.20053432e-03
   1.89614313e-03   7.18469478e-04   7.07501509e-05]
Bias [  3.38135984e-04  -3.61954507e-04  -2.96600587e-04  -5.08437894e-05
   9.76156226e-06  -1.06334933e-04   1.88016297e-05  -7.11297392e-05
  -1.64878992e-04   1.73599981e-04   9.44174045e-06]
Normal Cov [  1.75900689e-02   1.21626153e-02   8.69926645e-03   6.22102535e-03
   4.28351711e-03   2.66526923e-03   1.91263010e-03   2.14815666e-03
   1.87453831e-03   7.12999585e-04   7.06712673e-05]
Planck mock for knn_cdf missing, using mean
Rel Cov [  1.63355743e-02   1.04620227e-02   7.40910532e-03   5.51135397e-03
   4.04415186e-03   2.70798052e-03   2.04750152e-03   2.20053432e-03
   1.89614313e-03   7.18469478e-04   7.07501509e-05]
******************************
Best
0.00373281272232
(2, 1, 0)
