WARNING: path= was not specified but multiple tables are present, reading in first available table (path=abmatched_halos.hdf5) [astropy.io.misc.hdf5]
0
1
2
3
4
5
6
7
8
9
10
11
12
13
14
15
16
17
18
19
20
21
22
23
24
25
26
27
28
29
30
31
32
33
34
35
36
37
38
39
40
41
42
43

------------------------------------------------------------
Sender: LSF System <lsf@orange014>
Subject: Job 465574: <shuffle_same_halo> in cluster <slac> Done

Job <shuffle_same_halo> was submitted from host <ki-ls09> by user <swmclau2> in cluster <slac> at Wed Sep 27 23:36:02 2017.
Job was executed on host(s) <8*orange014>, in queue <kipac-ibq>, as user <swmclau2> in cluster <slac> at Wed Sep 27 23:36:05 2017.
                            <8*orange016>
</u/ki/swmclau2> was used as the home directory.
</u/ki/swmclau2/Git/pearce/bin> was used as the working directory.
Started at Wed Sep 27 23:36:05 2017.
Terminated at Thu Sep 28 03:54:51 2017.
Results reported at Thu Sep 28 03:54:51 2017.

Your job looked like:

------------------------------------------------------------
# LSBATCH: User input
###!/bin/bash
#BSUB -q kipac-ibq 
#BSUB -W 24:00
#BSUB -J shuffle_same_halo
#BSUB -oo /u/ki/swmclau2/Git/pearce/bin/shuffle_same_halo.out    
#BSUB -n 16 

python /u/ki/swmclau2/Git/pearce/bin/shuffle_sham_5.py 

------------------------------------------------------------

Successfully completed.

Resource usage summary:

    CPU time :                                   15528.81 sec.
    Max Memory :                                 1932 MB
    Average Memory :                             1125.85 MB
    Total Requested Memory :                     -
    Delta Memory :                               -
    Max Swap :                                   2718 MB
    Max Processes :                              4
    Max Threads :                                5
    Run time :                                   15525 sec.
    Turnaround time :                            15529 sec.

The output (if any) is above this job summary.

