39 4 0
{'Vrms': '0', 'Parent_ID': '-1', 'Y': '118.267181', 'VX': '-338.991821', '#ID': '28291', 'Rs': '0', 'DescID': '-1', 'R200b': '126.296', 'M200b': '1.5865e+11', 'Np': '4', 'VY': '-37.999233', 'Vmax': '165.157', 'X': '0.964864', 'VZ': '18.666695', 'Z': '21.911629'}
0
39 4 1
{'Vrms': '0', 'Parent_ID': '-1', 'Y': '178.671234', 'VX': '93.028580', '#ID': '72594', 'Rs': '0', 'DescID': '-1', 'R200b': '359.170', 'M200b': '3.6488e+12', 'Np': '92', 'VY': '-64.176460', 'Vmax': '363.945', 'X': '0.433072', 'VZ': '475.175354', 'Z': '25.832176'}
0
39 4 2
{'Vrms': '0', 'Parent_ID': '130165', 'Y': '79.099693', 'VX': '593.126160', '#ID': '130141', 'Rs': '0', 'DescID': '-1', 'R200b': '265.117', 'M200b': '1.4675e+12', 'Np': '37', 'VY': '-693.414307', 'Vmax': '148.838', 'X': '206.789124', 'VZ': '-320.518860', 'Z': '131.772797'}
0
39 4 3
{'Vrms': '0', 'Parent_ID': '136649', 'Y': '117.794075', 'VX': '552.497986', '#ID': '136645', 'Rs': '0', 'DescID': '-1', 'R200b': '187.076', 'M200b': '5.156e+11', 'Np': '13', 'VY': '-406.764984', 'Vmax': '140.672', 'X': '137.035858', 'VZ': '-764.596252', 'Z': '163.634918'}
0
39 4 4
{'Vrms': '0', 'Parent_ID': '-1', 'Y': '117.649605', 'VX': '868.763428', '#ID': '143529', 'Rs': '0', 'DescID': '-1', 'R200b': '212.303', 'M200b': '7.5357e+11', 'Np': '19', 'VY': '70.937271', 'Vmax': '133.551', 'X': '137.721603', 'VZ': '-569.014648', 'Z': '163.013855'}
0
39 4 5
{'Vrms': '0', 'Parent_ID': '147280', 'Y': '118.950035', 'VX': '-144.243088', '#ID': '147267', 'Rs': '0', 'DescID': '-1', 'R200b': '282.993', 'M200b': '1.7848e+12', 'Np': '45', 'VY': '1104.928833', 'Vmax': '204.100', 'X': '138.304611', 'VZ': '43.217121', 'Z': '160.977219'}
0
39 4 6
{'Vrms': '0', 'Parent_ID': '151065', 'Y': '201.343704', 'VX': '401.217285', '#ID': '151019', 'Rs': '0', 'DescID': '-1', 'R200b': '497.844', 'M200b': '9.717e+12', 'Np': '245', 'VY': '-1212.250610', 'Vmax': '273.706', 'X': '216.909561', 'VZ': '-1475.074463', 'Z': '228.980927'}
0
39 4 7
{'Vrms': '0', 'Parent_ID': '154033', 'Y': '199.645752', 'VX': '126.689590', '#ID': '153953', 'Rs': '0', 'DescID': '-1', 'R200b': '152.196', 'M200b': '2.7763e+11', 'Np': '7', 'VY': '263.933350', 'Vmax': '84.775', 'X': '218.410110', 'VZ': '-1212.963135', 'Z': '228.123489'}
0
39 4 8
{'Vrms': '0', 'Parent_ID': '153833', 'Y': '121.229248', 'VX': '-126.599258', '#ID': '153781', 'Rs': '0', 'DescID': '-1', 'R200b': '394.600', 'M200b': '4.8387e+12', 'Np': '122', 'VY': '-1718.822876', 'Vmax': '164.778', 'X': '137.635147', 'VZ': '-378.537201', 'Z': '158.061844'}
0
39 4 9
{'Vrms': '0', 'Parent_ID': '154202', 'Y': '198.234497', 'VX': '-795.913086', '#ID': '154176', 'Rs': '0', 'DescID': '-1', 'R200b': '448.389', 'M200b': '7.0994e+12', 'Np': '179', 'VY': '13.126974', 'Vmax': '249.247', 'X': '219.730789', 'VZ': '1417.471069', 'Z': '222.108963'}
0
39 5 0
{'Vrms': '0', 'Parent_ID': '-1', 'Y': '118.267181', 'VX': '-338.991821', '#ID': '28291', 'Rs': '0', 'DescID': '-1', 'R200b': '126.296', 'M200b': '1.5865e+11', 'Np': '4', 'VY': '-37.999233', 'Vmax': '165.157', 'X': '0.964864', 'VZ': '18.666695', 'Z': '21.911629'}
0
39 5 1
{'Vrms': '0', 'Parent_ID': '-1', 'Y': '178.671234', 'VX': '93.028580', '#ID': '72594', 'Rs': '0', 'DescID': '-1', 'R200b': '359.170', 'M200b': '3.6488e+12', 'Np': '92', 'VY': '-64.176460', 'Vmax': '363.945', 'X': '0.433072', 'VZ': '475.175354', 'Z': '25.832176'}
0
39 5 2
{'Vrms': '0', 'Parent_ID': '130165', 'Y': '79.099693', 'VX': '593.126160', '#ID': '130141', 'Rs': '0', 'DescID': '-1', 'R200b': '265.117', 'M200b': '1.4675e+12', 'Np': '37', 'VY': '-693.414307', 'Vmax': '148.838', 'X': '206.789124', 'VZ': '-320.518860', 'Z': '131.772797'}
0
39 5 3
{'Vrms': '0', 'Parent_ID': '136649', 'Y': '117.794075', 'VX': '552.497986', '#ID': '136645', 'Rs': '0', 'DescID': '-1', 'R200b': '187.076', 'M200b': '5.156e+11', 'Np': '13', 'VY': '-406.764984', 'Vmax': '140.672', 'X': '137.035858', 'VZ': '-764.596252', 'Z': '163.634918'}
0
39 5 4
{'Vrms': '0', 'Parent_ID': '-1', 'Y': '117.649605', 'VX': '868.763428', '#ID': '143529', 'Rs': '0', 'DescID': '-1', 'R200b': '212.303', 'M200b': '7.5357e+11', 'Np': '19', 'VY': '70.937271', 'Vmax': '133.551', 'X': '137.721603', 'VZ': '-569.014648', 'Z': '163.013855'}
0
39 5 5
{'Vrms': '0', 'Parent_ID': '147280', 'Y': '118.950035', 'VX': '-144.243088', '#ID': '147267', 'Rs': '0', 'DescID': '-1', 'R200b': '282.993', 'M200b': '1.7848e+12', 'Np': '45', 'VY': '1104.928833', 'Vmax': '204.100', 'X': '138.304611', 'VZ': '43.217121', 'Z': '160.977219'}
0
39 5 6
{'Vrms': '0', 'Parent_ID': '151065', 'Y': '201.343704', 'VX': '401.217285', '#ID': '151019', 'Rs': '0', 'DescID': '-1', 'R200b': '497.844', 'M200b': '9.717e+12', 'Np': '245', 'VY': '-1212.250610', 'Vmax': '273.706', 'X': '216.909561', 'VZ': '-1475.074463', 'Z': '228.980927'}
0
39 5 7
{'Vrms': '0', 'Parent_ID': '154033', 'Y': '199.645752', 'VX': '126.689590', '#ID': '153953', 'Rs': '0', 'DescID': '-1', 'R200b': '152.196', 'M200b': '2.7763e+11', 'Np': '7', 'VY': '263.933350', 'Vmax': '84.775', 'X': '218.410110', 'VZ': '-1212.963135', 'Z': '228.123489'}
0
39 5 8
{'Vrms': '0', 'Parent_ID': '153833', 'Y': '121.229248', 'VX': '-126.599258', '#ID': '153781', 'Rs': '0', 'DescID': '-1', 'R200b': '394.600', 'M200b': '4.8387e+12', 'Np': '122', 'VY': '-1718.822876', 'Vmax': '164.778', 'X': '137.635147', 'VZ': '-378.537201', 'Z': '158.061844'}
0
39 5 9
{'Vrms': '0', 'Parent_ID': '154202', 'Y': '198.234497', 'VX': '-795.913086', '#ID': '154176', 'Rs': '0', 'DescID': '-1', 'R200b': '448.389', 'M200b': '7.0994e+12', 'Np': '179', 'VY': '13.126974', 'Vmax': '249.247', 'X': '219.730789', 'VZ': '1417.471069', 'Z': '222.108963'}
0
39 6 0
{'Vrms': '0', 'Parent_ID': '-1', 'Y': '118.267181', 'VX': '-338.991821', '#ID': '28291', 'Rs': '0', 'DescID': '-1', 'R200b': '126.296', 'M200b': '1.5865e+11', 'Np': '4', 'VY': '-37.999233', 'Vmax': '165.157', 'X': '0.964864', 'VZ': '18.666695', 'Z': '21.911629'}
0
39 6 1
{'Vrms': '0', 'Parent_ID': '-1', 'Y': '178.671234', 'VX': '93.028580', '#ID': '72594', 'Rs': '0', 'DescID': '-1', 'R200b': '359.170', 'M200b': '3.6488e+12', 'Np': '92', 'VY': '-64.176460', 'Vmax': '363.945', 'X': '0.433072', 'VZ': '475.175354', 'Z': '25.832176'}
0
39 6 2
{'Vrms': '0', 'Parent_ID': '130165', 'Y': '79.099693', 'VX': '593.126160', '#ID': '130141', 'Rs': '0', 'DescID': '-1', 'R200b': '265.117', 'M200b': '1.4675e+12', 'Np': '37', 'VY': '-693.414307', 'Vmax': '148.838', 'X': '206.789124', 'VZ': '-320.518860', 'Z': '131.772797'}
0
39 6 3
{'Vrms': '0', 'Parent_ID': '136649', 'Y': '117.794075', 'VX': '552.497986', '#ID': '136645', 'Rs': '0', 'DescID': '-1', 'R200b': '187.076', 'M200b': '5.156e+11', 'Np': '13', 'VY': '-406.764984', 'Vmax': '140.672', 'X': '137.035858', 'VZ': '-764.596252', 'Z': '163.634918'}
0
39 6 4
{'Vrms': '0', 'Parent_ID': '-1', 'Y': '117.649605', 'VX': '868.763428', '#ID': '143529', 'Rs': '0', 'DescID': '-1', 'R200b': '212.303', 'M200b': '7.5357e+11', 'Np': '19', 'VY': '70.937271', 'Vmax': '133.551', 'X': '137.721603', 'VZ': '-569.014648', 'Z': '163.013855'}
0
39 6 5
{'Vrms': '0', 'Parent_ID': '147280', 'Y': '118.950035', 'VX': '-144.243088', '#ID': '147267', 'Rs': '0', 'DescID': '-1', 'R200b': '282.993', 'M200b': '1.7848e+12', 'Np': '45', 'VY': '1104.928833', 'Vmax': '204.100', 'X': '138.304611', 'VZ': '43.217121', 'Z': '160.977219'}
0
39 6 6
{'Vrms': '0', 'Parent_ID': '151065', 'Y': '201.343704', 'VX': '401.217285', '#ID': '151019', 'Rs': '0', 'DescID': '-1', 'R200b': '497.844', 'M200b': '9.717e+12', 'Np': '245', 'VY': '-1212.250610', 'Vmax': '273.706', 'X': '216.909561', 'VZ': '-1475.074463', 'Z': '228.980927'}
0
39 6 7
{'Vrms': '0', 'Parent_ID': '154033', 'Y': '199.645752', 'VX': '126.689590', '#ID': '153953', 'Rs': '0', 'DescID': '-1', 'R200b': '152.196', 'M200b': '2.7763e+11', 'Np': '7', 'VY': '263.933350', 'Vmax': '84.775', 'X': '218.410110', 'VZ': '-1212.963135', 'Z': '228.123489'}
0
39 6 8
{'Vrms': '0', 'Parent_ID': '153833', 'Y': '121.229248', 'VX': '-126.599258', '#ID': '153781', 'Rs': '0', 'DescID': '-1', 'R200b': '394.600', 'M200b': '4.8387e+12', 'Np': '122', 'VY': '-1718.822876', 'Vmax': '164.778', 'X': '137.635147', 'VZ': '-378.537201', 'Z': '158.061844'}
0
39 6 9
{'Vrms': '0', 'Parent_ID': '154202', 'Y': '198.234497', 'VX': '-795.913086', '#ID': '154176', 'Rs': '0', 'DescID': '-1', 'R200b': '448.389', 'M200b': '7.0994e+12', 'Np': '179', 'VY': '13.126974', 'Vmax': '249.247', 'X': '219.730789', 'VZ': '1417.471069', 'Z': '222.108963'}
0
39 7 0
{'Vrms': '0', 'Parent_ID': '-1', 'Y': '118.267181', 'VX': '-338.991821', '#ID': '28291', 'Rs': '0', 'DescID': '-1', 'R200b': '126.296', 'M200b': '1.5865e+11', 'Np': '4', 'VY': '-37.999233', 'Vmax': '165.157', 'X': '0.964864', 'VZ': '18.666695', 'Z': '21.911629'}
0
39 7 1
{'Vrms': '0', 'Parent_ID': '-1', 'Y': '178.671234', 'VX': '93.028580', '#ID': '72594', 'Rs': '0', 'DescID': '-1', 'R200b': '359.170', 'M200b': '3.6488e+12', 'Np': '92', 'VY': '-64.176460', 'Vmax': '363.945', 'X': '0.433072', 'VZ': '475.175354', 'Z': '25.832176'}
0
39 7 2
{'Vrms': '0', 'Parent_ID': '130165', 'Y': '79.099693', 'VX': '593.126160', '#ID': '130141', 'Rs': '0', 'DescID': '-1', 'R200b': '265.117', 'M200b': '1.4675e+12', 'Np': '37', 'VY': '-693.414307', 'Vmax': '148.838', 'X': '206.789124', 'VZ': '-320.518860', 'Z': '131.772797'}
0
39 7 3
{'Vrms': '0', 'Parent_ID': '136649', 'Y': '117.794075', 'VX': '552.497986', '#ID': '136645', 'Rs': '0', 'DescID': '-1', 'R200b': '187.076', 'M200b': '5.156e+11', 'Np': '13', 'VY': '-406.764984', 'Vmax': '140.672', 'X': '137.035858', 'VZ': '-764.596252', 'Z': '163.634918'}
0
39 7 4
{'Vrms': '0', 'Parent_ID': '-1', 'Y': '117.649605', 'VX': '868.763428', '#ID': '143529', 'Rs': '0', 'DescID': '-1', 'R200b': '212.303', 'M200b': '7.5357e+11', 'Np': '19', 'VY': '70.937271', 'Vmax': '133.551', 'X': '137.721603', 'VZ': '-569.014648', 'Z': '163.013855'}
0
39 7 5
{'Vrms': '0', 'Parent_ID': '147280', 'Y': '118.950035', 'VX': '-144.243088', '#ID': '147267', 'Rs': '0', 'DescID': '-1', 'R200b': '282.993', 'M200b': '1.7848e+12', 'Np': '45', 'VY': '1104.928833', 'Vmax': '204.100', 'X': '138.304611', 'VZ': '43.217121', 'Z': '160.977219'}
0
39 7 6
{'Vrms': '0', 'Parent_ID': '151065', 'Y': '201.343704', 'VX': '401.217285', '#ID': '151019', 'Rs': '0', 'DescID': '-1', 'R200b': '497.844', 'M200b': '9.717e+12', 'Np': '245', 'VY': '-1212.250610', 'Vmax': '273.706', 'X': '216.909561', 'VZ': '-1475.074463', 'Z': '228.980927'}
0
39 7 7
{'Vrms': '0', 'Parent_ID': '154033', 'Y': '199.645752', 'VX': '126.689590', '#ID': '153953', 'Rs': '0', 'DescID': '-1', 'R200b': '152.196', 'M200b': '2.7763e+11', 'Np': '7', 'VY': '263.933350', 'Vmax': '84.775', 'X': '218.410110', 'VZ': '-1212.963135', 'Z': '228.123489'}
0
39 7 8
{'Vrms': '0', 'Parent_ID': '153833', 'Y': '121.229248', 'VX': '-126.599258', '#ID': '153781', 'Rs': '0', 'DescID': '-1', 'R200b': '394.600', 'M200b': '4.8387e+12', 'Np': '122', 'VY': '-1718.822876', 'Vmax': '164.778', 'X': '137.635147', 'VZ': '-378.537201', 'Z': '158.061844'}
0
39 7 9
{'Vrms': '0', 'Parent_ID': '154202', 'Y': '198.234497', 'VX': '-795.913086', '#ID': '154176', 'Rs': '0', 'DescID': '-1', 'R200b': '448.389', 'M200b': '7.0994e+12', 'Np': '179', 'VY': '13.126974', 'Vmax': '249.247', 'X': '219.730789', 'VZ': '1417.471069', 'Z': '222.108963'}
0
39 8 0
{'Vrms': '0', 'Parent_ID': '-1', 'Y': '118.267181', 'VX': '-338.991821', '#ID': '28291', 'Rs': '0', 'DescID': '-1', 'R200b': '126.296', 'M200b': '1.5865e+11', 'Np': '4', 'VY': '-37.999233', 'Vmax': '165.157', 'X': '0.964864', 'VZ': '18.666695', 'Z': '21.911629'}
0
39 8 1
{'Vrms': '0', 'Parent_ID': '-1', 'Y': '178.671234', 'VX': '93.028580', '#ID': '72594', 'Rs': '0', 'DescID': '-1', 'R200b': '359.170', 'M200b': '3.6488e+12', 'Np': '92', 'VY': '-64.176460', 'Vmax': '363.945', 'X': '0.433072', 'VZ': '475.175354', 'Z': '25.832176'}
0
39 8 2
{'Vrms': '0', 'Parent_ID': '130165', 'Y': '79.099693', 'VX': '593.126160', '#ID': '130141', 'Rs': '0', 'DescID': '-1', 'R200b': '265.117', 'M200b': '1.4675e+12', 'Np': '37', 'VY': '-693.414307', 'Vmax': '148.838', 'X': '206.789124', 'VZ': '-320.518860', 'Z': '131.772797'}
0
39 8 3
{'Vrms': '0', 'Parent_ID': '136649', 'Y': '117.794075', 'VX': '552.497986', '#ID': '136645', 'Rs': '0', 'DescID': '-1', 'R200b': '187.076', 'M200b': '5.156e+11', 'Np': '13', 'VY': '-406.764984', 'Vmax': '140.672', 'X': '137.035858', 'VZ': '-764.596252', 'Z': '163.634918'}
0
39 8 4
{'Vrms': '0', 'Parent_ID': '-1', 'Y': '117.649605', 'VX': '868.763428', '#ID': '143529', 'Rs': '0', 'DescID': '-1', 'R200b': '212.303', 'M200b': '7.5357e+11', 'Np': '19', 'VY': '70.937271', 'Vmax': '133.551', 'X': '137.721603', 'VZ': '-569.014648', 'Z': '163.013855'}
0
39 8 5
{'Vrms': '0', 'Parent_ID': '147280', 'Y': '118.950035', 'VX': '-144.243088', '#ID': '147267', 'Rs': '0', 'DescID': '-1', 'R200b': '282.993', 'M200b': '1.7848e+12', 'Np': '45', 'VY': '1104.928833', 'Vmax': '204.100', 'X': '138.304611', 'VZ': '43.217121', 'Z': '160.977219'}
0
39 8 6
{'Vrms': '0', 'Parent_ID': '151065', 'Y': '201.343704', 'VX': '401.217285', '#ID': '151019', 'Rs': '0', 'DescID': '-1', 'R200b': '497.844', 'M200b': '9.717e+12', 'Np': '245', 'VY': '-1212.250610', 'Vmax': '273.706', 'X': '216.909561', 'VZ': '-1475.074463', 'Z': '228.980927'}
0
39 8 7
{'Vrms': '0', 'Parent_ID': '154033', 'Y': '199.645752', 'VX': '126.689590', '#ID': '153953', 'Rs': '0', 'DescID': '-1', 'R200b': '152.196', 'M200b': '2.7763e+11', 'Np': '7', 'VY': '263.933350', 'Vmax': '84.775', 'X': '218.410110', 'VZ': '-1212.963135', 'Z': '228.123489'}
0
39 8 8
{'Vrms': '0', 'Parent_ID': '153833', 'Y': '121.229248', 'VX': '-126.599258', '#ID': '153781', 'Rs': '0', 'DescID': '-1', 'R200b': '394.600', 'M200b': '4.8387e+12', 'Np': '122', 'VY': '-1718.822876', 'Vmax': '164.778', 'X': '137.635147', 'VZ': '-378.537201', 'Z': '158.061844'}
0
39 8 9
{'Vrms': '0', 'Parent_ID': '154202', 'Y': '198.234497', 'VX': '-795.913086', '#ID': '154176', 'Rs': '0', 'DescID': '-1', 'R200b': '448.389', 'M200b': '7.0994e+12', 'Np': '179', 'VY': '13.126974', 'Vmax': '249.247', 'X': '219.730789', 'VZ': '1417.471069', 'Z': '222.108963'}
0
39 9 0
{'Vrms': '0', 'Parent_ID': '-1', 'Y': '118.267181', 'VX': '-338.991821', '#ID': '28291', 'Rs': '0', 'DescID': '-1', 'R200b': '126.296', 'M200b': '1.5865e+11', 'Np': '4', 'VY': '-37.999233', 'Vmax': '165.157', 'X': '0.964864', 'VZ': '18.666695', 'Z': '21.911629'}
0
39 9 1
{'Vrms': '0', 'Parent_ID': '-1', 'Y': '178.671234', 'VX': '93.028580', '#ID': '72594', 'Rs': '0', 'DescID': '-1', 'R200b': '359.170', 'M200b': '3.6488e+12', 'Np': '92', 'VY': '-64.176460', 'Vmax': '363.945', 'X': '0.433072', 'VZ': '475.175354', 'Z': '25.832176'}
0
39 9 2
{'Vrms': '0', 'Parent_ID': '130165', 'Y': '79.099693', 'VX': '593.126160', '#ID': '130141', 'Rs': '0', 'DescID': '-1', 'R200b': '265.117', 'M200b': '1.4675e+12', 'Np': '37', 'VY': '-693.414307', 'Vmax': '148.838', 'X': '206.789124', 'VZ': '-320.518860', 'Z': '131.772797'}
0
39 9 3
{'Vrms': '0', 'Parent_ID': '136649', 'Y': '117.794075', 'VX': '552.497986', '#ID': '136645', 'Rs': '0', 'DescID': '-1', 'R200b': '187.076', 'M200b': '5.156e+11', 'Np': '13', 'VY': '-406.764984', 'Vmax': '140.672', 'X': '137.035858', 'VZ': '-764.596252', 'Z': '163.634918'}
0
39 9 4
{'Vrms': '0', 'Parent_ID': '-1', 'Y': '117.649605', 'VX': '868.763428', '#ID': '143529', 'Rs': '0', 'DescID': '-1', 'R200b': '212.303', 'M200b': '7.5357e+11', 'Np': '19', 'VY': '70.937271', 'Vmax': '133.551', 'X': '137.721603', 'VZ': '-569.014648', 'Z': '163.013855'}
0
39 9 5
{'Vrms': '0', 'Parent_ID': '147280', 'Y': '118.950035', 'VX': '-144.243088', '#ID': '147267', 'Rs': '0', 'DescID': '-1', 'R200b': '282.993', 'M200b': '1.7848e+12', 'Np': '45', 'VY': '1104.928833', 'Vmax': '204.100', 'X': '138.304611', 'VZ': '43.217121', 'Z': '160.977219'}
0
39 9 6
{'Vrms': '0', 'Parent_ID': '151065', 'Y': '201.343704', 'VX': '401.217285', '#ID': '151019', 'Rs': '0', 'DescID': '-1', 'R200b': '497.844', 'M200b': '9.717e+12', 'Np': '245', 'VY': '-1212.250610', 'Vmax': '273.706', 'X': '216.909561', 'VZ': '-1475.074463', 'Z': '228.980927'}
0
39 9 7
{'Vrms': '0', 'Parent_ID': '154033', 'Y': '199.645752', 'VX': '126.689590', '#ID': '153953', 'Rs': '0', 'DescID': '-1', 'R200b': '152.196', 'M200b': '2.7763e+11', 'Np': '7', 'VY': '263.933350', 'Vmax': '84.775', 'X': '218.410110', 'VZ': '-1212.963135', 'Z': '228.123489'}
0
39 9 8
{'Vrms': '0', 'Parent_ID': '153833', 'Y': '121.229248', 'VX': '-126.599258', '#ID': '153781', 'Rs': '0', 'DescID': '-1', 'R200b': '394.600', 'M200b': '4.8387e+12', 'Np': '122', 'VY': '-1718.822876', 'Vmax': '164.778', 'X': '137.635147', 'VZ': '-378.537201', 'Z': '158.061844'}
0
39 9 9
{'Vrms': '0', 'Parent_ID': '154202', 'Y': '198.234497', 'VX': '-795.913086', '#ID': '154176', 'Rs': '0', 'DescID': '-1', 'R200b': '448.389', 'M200b': '7.0994e+12', 'Np': '179', 'VY': '13.126974', 'Vmax': '249.247', 'X': '219.730789', 'VZ': '1417.471069', 'Z': '222.108963'}
0
